<?xml version="1.0" encoding="UTF-8"?>
<robot generator="Robot 6.0.2 (Python 3.10.10 on win32)" generated="20230514 20:25:24.010" rpa="false" schemaversion="3">
<suite id="s1" name="Tests" source="C:\Users\U6048718\robotframework\tests">
<suite id="s1-s1" name="Footer-Test" source="C:\Users\U6048718\robotframework\tests\footer-test.robot">
<test id="s1-s1-t1" name="Verify Presence Of Social Links" line="5">
<kw name="New Page" library="Browser">
<arg>https://www.testrail.com/</arg>
<tag>BrowserControl</tag>
<tag>Setter</tag>
<doc>Open a new Page.</doc>
<msg timestamp="20230514 20:25:28.225" level="INFO">Successfully initialized new page object and opened url: https://www.testrail.com/</msg>
<msg timestamp="20230514 20:25:28.225" level="INFO">No browser and context was open. New browser and context was automatically opened when page is created.</msg>
<status status="PASS" starttime="20230514 20:25:25.333" endtime="20230514 20:25:28.225"/>
</kw>
<kw name="Get Element States" library="Browser">
<arg>xpath=//a[contains(@href,"linkedin.com")]</arg>
<arg>contains</arg>
<arg>visible</arg>
<tag>Assertion</tag>
<tag>Getter</tag>
<tag>PageContent</tag>
<doc>Get the active states from the element found by ``selector``.</doc>
<msg timestamp="20230514 20:25:28.908" level="INFO">States are: ['attached', 'visible', 'enabled', 'editable', 'defocused']</msg>
<status status="PASS" starttime="20230514 20:25:28.229" endtime="20230514 20:25:28.908"/>
</kw>
<kw name="Get Element States" library="Browser">
<arg>xpath=//a[contains(@href,"facebook.com")]</arg>
<arg>contains</arg>
<arg>visible</arg>
<tag>Assertion</tag>
<tag>Getter</tag>
<tag>PageContent</tag>
<doc>Get the active states from the element found by ``selector``.</doc>
<msg timestamp="20230514 20:25:29.187" level="INFO">States are: ['attached', 'visible', 'enabled', 'editable', 'defocused']</msg>
<status status="PASS" starttime="20230514 20:25:28.911" endtime="20230514 20:25:29.187"/>
</kw>
<kw name="Close Browser" library="Browser">
<arg>ALL</arg>
<tag>BrowserControl</tag>
<tag>Setter</tag>
<doc>Closes the current browser.</doc>
<msg timestamp="20230514 20:25:29.730" level="INFO">Closed all browsers</msg>
<status status="PASS" starttime="20230514 20:25:29.188" endtime="20230514 20:25:29.730"/>
</kw>
<status status="PASS" starttime="20230514 20:25:25.330" endtime="20230514 20:25:29.731"/>
</test>
<status status="PASS" starttime="20230514 20:25:24.031" endtime="20230514 20:25:29.742"/>
</suite>
<suite id="s1-s2" name="Homepage-Tests" source="C:\Users\U6048718\robotframework\tests\homepage-tests.robot">
<test id="s1-s2-t1" name="Verify Presence Of Header Links" line="5">
<kw name="New Page" library="Browser">
<arg>https://www.testrail.com/</arg>
<tag>BrowserControl</tag>
<tag>Setter</tag>
<doc>Open a new Page.</doc>
<msg timestamp="20230514 20:25:32.196" level="INFO">Successfully initialized new page object and opened url: https://www.testrail.com/</msg>
<msg timestamp="20230514 20:25:32.197" level="INFO">No browser and context was open. New browser and context was automatically opened when page is created.</msg>
<status status="PASS" starttime="20230514 20:25:29.759" endtime="20230514 20:25:32.197"/>
</kw>
<kw name="Wait Until Network Is Idle" library="Browser">
<arg>timeout=10s</arg>
<tag>HTTP</tag>
<tag>Wait</tag>
<doc>Waits until there has been at least one instance of 500 ms of no network traffic on the page after loading.</doc>
<status status="PASS" starttime="20230514 20:25:32.198" endtime="20230514 20:25:33.563"/>
</kw>
<kw name="Get Text" library="Browser">
<arg>h1</arg>
<arg>contains</arg>
<arg>Testing</arg>
<tag>Assertion</tag>
<tag>Getter</tag>
<tag>PageContent</tag>
<doc>Returns text attribute of the element found by ``selector``.</doc>
<msg timestamp="20230514 20:25:33.633" level="INFO">Text: 'Orchestrate Testing.\nElevate Quality.'</msg>
<status status="PASS" starttime="20230514 20:25:33.564" endtime="20230514 20:25:33.633"/>
</kw>
<kw name="Set Strict Mode" library="Browser">
<var>${old_mode}</var>
<arg>False</arg>
<tag>BrowserControl</tag>
<tag>Setter</tag>
<doc>Controls library strict mode.</doc>
<msg timestamp="20230514 20:25:33.635" level="INFO">${old_mode} = True</msg>
<status status="PASS" starttime="20230514 20:25:33.634" endtime="20230514 20:25:33.635"/>
</kw>
<kw name="Get Element States" library="Browser">
<arg>xpath=//a[contains(@href,"platform")]</arg>
<arg>contains</arg>
<arg>visible</arg>
<tag>Assertion</tag>
<tag>Getter</tag>
<tag>PageContent</tag>
<doc>Get the active states from the element found by ``selector``.</doc>
<msg timestamp="20230514 20:25:33.675" level="INFO">States are: ['attached', 'visible', 'enabled', 'editable', 'defocused']</msg>
<status status="PASS" starttime="20230514 20:25:33.635" endtime="20230514 20:25:33.675"/>
</kw>
<kw name="Get Element States" library="Browser">
<arg>xpath=//a[contains(@href,"enterprise")]</arg>
<arg>contains</arg>
<arg>visible</arg>
<tag>Assertion</tag>
<tag>Getter</tag>
<tag>PageContent</tag>
<doc>Get the active states from the element found by ``selector``.</doc>
<msg timestamp="20230514 20:25:33.707" level="INFO">States are: ['attached', 'visible', 'enabled', 'editable', 'defocused']</msg>
<status status="PASS" starttime="20230514 20:25:33.675" endtime="20230514 20:25:33.707"/>
</kw>
<kw name="Close Browser" library="Browser">
<arg>ALL</arg>
<tag>BrowserControl</tag>
<tag>Setter</tag>
<doc>Closes the current browser.</doc>
<msg timestamp="20230514 20:25:34.234" level="INFO">Closed all browsers</msg>
<status status="PASS" starttime="20230514 20:25:33.708" endtime="20230514 20:25:34.234"/>
</kw>
<status status="PASS" starttime="20230514 20:25:29.756" endtime="20230514 20:25:34.235"/>
</test>
<test id="s1-s2-t2" name="Verify Presence Of Demo Link" line="14">
<kw name="New Page" library="Browser">
<arg>https://www.testrail.com/</arg>
<tag>BrowserControl</tag>
<tag>Setter</tag>
<doc>Open a new Page.</doc>
<msg timestamp="20230514 20:25:36.691" level="INFO">Successfully initialized new page object and opened url: https://www.testrail.com/</msg>
<msg timestamp="20230514 20:25:36.691" level="INFO">No browser and context was open. New browser and context was automatically opened when page is created.</msg>
<status status="PASS" starttime="20230514 20:25:34.244" endtime="20230514 20:25:36.691"/>
</kw>
<kw name="Get Element States" library="Browser">
<arg>xpath=//*[contains(@href,"invalidlocator")][1]</arg>
<arg>contains</arg>
<arg>visible</arg>
<tag>Assertion</tag>
<tag>Getter</tag>
<tag>PageContent</tag>
<doc>Get the active states from the element found by ``selector``.</doc>
<msg timestamp="20230514 20:25:38.287" level="INFO" html="true">&lt;/td&gt;&lt;/tr&gt;&lt;tr&gt;&lt;td colspan="3"&gt;&lt;a href="browser/screenshot/fail-screenshot-1.png" target="_blank"&gt;&lt;img src="browser/screenshot/fail-screenshot-1.png" width="800px"/&gt;&lt;/a&gt;</msg>
<msg timestamp="20230514 20:25:38.287" level="FAIL">Elements states '['detached']' (list) should contain '['visible']' (list)</msg>
<status status="FAIL" starttime="20230514 20:25:36.692" endtime="20230514 20:25:38.289"/>
</kw>
<kw name="Close Browser" library="Browser">
<tag>BrowserControl</tag>
<tag>Setter</tag>
<doc>Closes the current browser.</doc>
<status status="NOT RUN" starttime="20230514 20:25:38.290" endtime="20230514 20:25:38.290"/>
</kw>
<status status="FAIL" starttime="20230514 20:25:34.242" endtime="20230514 20:25:38.291">Elements states '['detached']' (list) should contain '['visible']' (list)</status>
</test>
<status status="FAIL" starttime="20230514 20:25:29.748" endtime="20230514 20:25:38.359"/>
</suite>
<status status="FAIL" starttime="20230514 20:25:24.012" endtime="20230514 20:25:38.366"/>
</suite>
<statistics>
<total>
<stat pass="2" fail="1" skip="0">All Tests</stat>
</total>
<tag>
</tag>
<suite>
<stat pass="2" fail="1" skip="0" id="s1" name="Tests">Tests</stat>
<stat pass="1" fail="0" skip="0" id="s1-s1" name="Footer-Test">Tests.Footer-Test</stat>
<stat pass="1" fail="1" skip="0" id="s1-s2" name="Homepage-Tests">Tests.Homepage-Tests</stat>
</suite>
</statistics>
<errors>
</errors>
</robot>
