<?xml version="1.0" encoding="UTF-8"?>
<robot generator="Robot 6.1 (Python 3.10.5 on win32)" generated="20230907 15:51:31.823" rpa="false" schemaversion="4">
<suite id="s1" name="Tests" source="C:\Github\gurock\automation-frameworks-integration\samples\robotframework\robotframework-selenium\tests">
<suite id="s1-s1" name="Footer-Tests" source="C:\Github\gurock\automation-frameworks-integration\samples\robotframework\robotframework-selenium\tests\footer-tests.robot">
<test id="s1-s1-t1" name="Verify Presence Of Social Links" line="6">
<kw name="Open TestRail Homepage" library="keywords">
<kw name="Open Browser" library="SeleniumLibrary">
<arg>url=https://www.testrail.com</arg>
<arg>browser=chrome</arg>
<arg>browser=headlesschrome</arg>
<doc>Opens a new browser instance to the optional ``url``.</doc>
<msg timestamp="20230907 15:51:32.003" level="INFO">Opening browser 'headlesschrome' to base url 'https://www.testrail.com'.</msg>
<status status="PASS" starttime="20230907 15:51:32.003" endtime="20230907 15:51:34.472"/>
</kw>
<kw name="Set Window Size" library="SeleniumLibrary">
<arg>1920</arg>
<arg>1080</arg>
<doc>Sets current windows size to given ``width`` and ``height``.</doc>
<status status="PASS" starttime="20230907 15:51:34.473" endtime="20230907 15:51:34.649"/>
</kw>
<status status="PASS" starttime="20230907 15:51:32.003" endtime="20230907 15:51:34.649"/>
</kw>
<kw name="Verify Footer Links" library="keywords">
<kw name="Wait Until Element Is Visible" library="SeleniumLibrary">
<arg>css=[href*='linkedin.com/company/testrail']</arg>
<doc>Waits until the element ``locator`` is visible.</doc>
<status status="PASS" starttime="20230907 15:51:34.651" endtime="20230907 15:51:34.684"/>
</kw>
<kw name="Wait Until Element Is Visible" library="SeleniumLibrary">
<arg>css=[href*='facebook.com/testrailofficial']</arg>
<doc>Waits until the element ``locator`` is visible.</doc>
<status status="PASS" starttime="20230907 15:51:34.684" endtime="20230907 15:51:34.705"/>
</kw>
<status status="PASS" starttime="20230907 15:51:34.650" endtime="20230907 15:51:34.705"/>
</kw>
<kw name="Close Test Browser" library="keywords" type="TEARDOWN">
<kw name="Run Keyword If" library="BuiltIn">
<arg>'${TEST_STATUS}' != 'PASS'</arg>
<arg>Take Screenshot And Report</arg>
<doc>Runs the given keyword with the given arguments, if ``condition`` is true.</doc>
<status status="PASS" starttime="20230907 15:51:34.707" endtime="20230907 15:51:34.707"/>
</kw>
<kw name="Close Browser" library="SeleniumLibrary">
<doc>Closes the current browser.</doc>
<status status="PASS" starttime="20230907 15:51:34.707" endtime="20230907 15:51:37.221"/>
</kw>
<status status="PASS" starttime="20230907 15:51:34.706" endtime="20230907 15:51:37.221"/>
</kw>
<status status="PASS" starttime="20230907 15:51:32.003" endtime="20230907 15:51:37.221"/>
</test>
<status status="PASS" starttime="20230907 15:51:31.839" endtime="20230907 15:51:37.221"/>
</suite>
<suite id="s1-s2" name="Homepage-Tests" source="C:\Github\gurock\automation-frameworks-integration\samples\robotframework\robotframework-selenium\tests\homepage-tests.robot">
<test id="s1-s2-t1" name="Verify Presence Of Header Links" line="6">
<kw name="Open TestRail Homepage" library="keywords">
<kw name="Open Browser" library="SeleniumLibrary">
<arg>url=https://www.testrail.com</arg>
<arg>browser=chrome</arg>
<arg>browser=headlesschrome</arg>
<doc>Opens a new browser instance to the optional ``url``.</doc>
<msg timestamp="20230907 15:51:37.238" level="INFO">Opening browser 'headlesschrome' to base url 'https://www.testrail.com'.</msg>
<status status="PASS" starttime="20230907 15:51:37.237" endtime="20230907 15:51:39.364"/>
</kw>
<kw name="Set Window Size" library="SeleniumLibrary">
<arg>1920</arg>
<arg>1080</arg>
<doc>Sets current windows size to given ``width`` and ``height``.</doc>
<status status="PASS" starttime="20230907 15:51:39.364" endtime="20230907 15:51:39.549"/>
</kw>
<status status="PASS" starttime="20230907 15:51:37.237" endtime="20230907 15:51:39.549"/>
</kw>
<kw name="Verify Header Main Links" library="keywords">
<kw name="Wait Until Element Is Visible" library="SeleniumLibrary">
<arg>css=.breakdance-menu-list [href*='/platform/']</arg>
<doc>Waits until the element ``locator`` is visible.</doc>
<status status="PASS" starttime="20230907 15:51:39.550" endtime="20230907 15:51:39.613"/>
</kw>
<kw name="Wait Until Element Is Visible" library="SeleniumLibrary">
<arg>css=.breakdance-menu-list [href*='/enterprise/']</arg>
<doc>Waits until the element ``locator`` is visible.</doc>
<status status="PASS" starttime="20230907 15:51:39.613" endtime="20230907 15:51:39.634"/>
</kw>
<kw name="Set TestRail Property" library="keywords">
<arg>testrail_result_comment</arg>
<arg>All links are visible</arg>
<kw name="Set Test Documentation" library="BuiltIn">
<arg>${\n}- ${key}: ${value}</arg>
<arg>append=True</arg>
<doc>Sets documentation for the current test case.</doc>
<msg timestamp="20230907 15:51:39.635" level="INFO">Set test documentation to:
Verifies header contains platform and enterprise links
- testrail_case_field: refs:TR-1
- testrail_case_field: priority_id:2
- testrail_result_field: custom_environment:qa
- testrail_result_field: custom_dropdown_1:3 
- testrail_result_comment: All links are visible</msg>
<status status="PASS" starttime="20230907 15:51:39.634" endtime="20230907 15:51:39.635"/>
</kw>
<status status="PASS" starttime="20230907 15:51:39.634" endtime="20230907 15:51:39.635"/>
</kw>
<status status="PASS" starttime="20230907 15:51:39.550" endtime="20230907 15:51:39.635"/>
</kw>
<kw name="Close Test Browser" library="keywords" type="TEARDOWN">
<kw name="Run Keyword If" library="BuiltIn">
<arg>'${TEST_STATUS}' != 'PASS'</arg>
<arg>Take Screenshot And Report</arg>
<doc>Runs the given keyword with the given arguments, if ``condition`` is true.</doc>
<status status="PASS" starttime="20230907 15:51:39.636" endtime="20230907 15:51:39.636"/>
</kw>
<kw name="Close Browser" library="SeleniumLibrary">
<doc>Closes the current browser.</doc>
<status status="PASS" starttime="20230907 15:51:39.636" endtime="20230907 15:51:42.117"/>
</kw>
<status status="PASS" starttime="20230907 15:51:39.635" endtime="20230907 15:51:42.117"/>
</kw>
<doc>Verifies header contains platform and enterprise links
- testrail_case_field: refs:TR-1
- testrail_case_field: priority_id:2
- testrail_result_field: custom_environment:qa
- testrail_result_field: custom_dropdown_1:3 
- testrail_result_comment: All links are visible</doc>
<status status="PASS" starttime="20230907 15:51:37.235" endtime="20230907 15:51:42.117"/>
</test>
<test id="s1-s2-t2" name="Verify Presence Of Demo Link" line="15">
<kw name="Open TestRail Homepage" library="keywords">
<kw name="Open Browser" library="SeleniumLibrary">
<arg>url=https://www.testrail.com</arg>
<arg>browser=chrome</arg>
<arg>browser=headlesschrome</arg>
<doc>Opens a new browser instance to the optional ``url``.</doc>
<msg timestamp="20230907 15:51:42.117" level="INFO">Opening browser 'headlesschrome' to base url 'https://www.testrail.com'.</msg>
<status status="PASS" starttime="20230907 15:51:42.117" endtime="20230907 15:51:44.004"/>
</kw>
<kw name="Set Window Size" library="SeleniumLibrary">
<arg>1920</arg>
<arg>1080</arg>
<doc>Sets current windows size to given ``width`` and ``height``.</doc>
<status status="PASS" starttime="20230907 15:51:44.004" endtime="20230907 15:51:44.160"/>
</kw>
<status status="PASS" starttime="20230907 15:51:42.117" endtime="20230907 15:51:44.160"/>
</kw>
<kw name="Verify Header Demo Link" library="keywords">
<kw name="Wait Until Element Is Visible" library="SeleniumLibrary">
<arg>css=.breakdance-menu-list [href*='/invalid/']</arg>
<doc>Waits until the element ``locator`` is visible.</doc>
<msg timestamp="20230907 15:51:49.472" level="INFO" html="true">&lt;/td&gt;&lt;/tr&gt;&lt;tr&gt;&lt;td colspan="3"&gt;&lt;a href="selenium-screenshot-1.png"&gt;&lt;img src="selenium-screenshot-1.png" width="800px"&gt;&lt;/a&gt;</msg>
<msg timestamp="20230907 15:51:49.472" level="FAIL">Element 'css=.breakdance-menu-list [href*='/invalid/']' not visible after 5 seconds.</msg>
<status status="FAIL" starttime="20230907 15:51:44.161" endtime="20230907 15:51:49.473"/>
</kw>
<kw name="Element Should Contain" library="SeleniumLibrary">
<arg>css=.breakdance-menu-list [href*='/invalid/']</arg>
<arg>Get Demo</arg>
<doc>Verifies that element ``locator`` contains text ``expected``.</doc>
<status status="NOT RUN" starttime="20230907 15:51:49.473" endtime="20230907 15:51:49.473"/>
</kw>
<status status="FAIL" starttime="20230907 15:51:44.161" endtime="20230907 15:51:49.473"/>
</kw>
<kw name="Click Demo Link" library="keywords">
<status status="NOT RUN" starttime="20230907 15:51:49.474" endtime="20230907 15:51:49.474"/>
</kw>
<kw name="Verify Demo Page URL" library="keywords">
<status status="NOT RUN" starttime="20230907 15:51:49.475" endtime="20230907 15:51:49.475"/>
</kw>
<kw name="Close Test Browser" library="keywords" type="TEARDOWN">
<kw name="Run Keyword If" library="BuiltIn">
<arg>'${TEST_STATUS}' != 'PASS'</arg>
<arg>Take Screenshot And Report</arg>
<doc>Runs the given keyword with the given arguments, if ``condition`` is true.</doc>
<kw name="Take Screenshot And Report" library="keywords">
<kw name="Capture Page Screenshot" library="SeleniumLibrary">
<var>${path}</var>
<arg>filename=failure-{index}.png</arg>
<doc>Takes a screenshot of the current page and embeds it into a log file.</doc>
<msg timestamp="20230907 15:51:49.748" level="INFO" html="true">&lt;/td&gt;&lt;/tr&gt;&lt;tr&gt;&lt;td colspan="3"&gt;&lt;a href="failure-1.png"&gt;&lt;img src="failure-1.png" width="800px"&gt;&lt;/a&gt;</msg>
<msg timestamp="20230907 15:51:49.748" level="INFO">${path} = C:\Github\gurock\automation-frameworks-integration\samples\robotframework\robotframework-selenium\reports\failure-1.png</msg>
<status status="PASS" starttime="20230907 15:51:49.476" endtime="20230907 15:51:49.748"/>
</kw>
<kw name="Set TestRail Property" library="keywords">
<arg>testrail_attachment</arg>
<arg>${path}</arg>
<kw name="Set Test Documentation" library="BuiltIn">
<arg>${\n}- ${key}: ${value}</arg>
<arg>append=True</arg>
<doc>Sets documentation for the current test case.</doc>
<msg timestamp="20230907 15:51:49.749" level="INFO">Set test documentation to:
Verifies header contains link to request a demo - Intentionally failing 
- testrail_attachment: C:\Github\gurock\automation-frameworks-integration\samples\robotframework\robotframework-selenium\reports\failure-1.png</msg>
<status status="PASS" starttime="20230907 15:51:49.748" endtime="20230907 15:51:49.749"/>
</kw>
<status status="PASS" starttime="20230907 15:51:49.748" endtime="20230907 15:51:49.749"/>
</kw>
<status status="PASS" starttime="20230907 15:51:49.475" endtime="20230907 15:51:49.749"/>
</kw>
<status status="PASS" starttime="20230907 15:51:49.475" endtime="20230907 15:51:49.749"/>
</kw>
<kw name="Close Browser" library="SeleniumLibrary">
<doc>Closes the current browser.</doc>
<status status="PASS" starttime="20230907 15:51:49.749" endtime="20230907 15:51:52.656"/>
</kw>
<status status="PASS" starttime="20230907 15:51:49.475" endtime="20230907 15:51:52.656"/>
</kw>
<doc>Verifies header contains link to request a demo - Intentionally failing 
- testrail_attachment: C:\Github\gurock\automation-frameworks-integration\samples\robotframework\robotframework-selenium\reports\failure-1.png</doc>
<status status="FAIL" starttime="20230907 15:51:42.117" endtime="20230907 15:51:52.656">Element 'css=.breakdance-menu-list [href*='/invalid/']' not visible after 5 seconds.</status>
</test>
<status status="FAIL" starttime="20230907 15:51:37.221" endtime="20230907 15:51:52.656"/>
</suite>
<status status="FAIL" starttime="20230907 15:51:31.823" endtime="20230907 15:51:52.656"/>
</suite>
<statistics>
<total>
<stat pass="2" fail="1" skip="0">All Tests</stat>
</total>
<tag>
</tag>
<suite>
<stat pass="2" fail="1" skip="0" id="s1" name="Tests">Tests</stat>
<stat pass="1" fail="0" skip="0" id="s1-s1" name="Footer-Tests">Tests.Footer-Tests</stat>
<stat pass="1" fail="1" skip="0" id="s1-s2" name="Homepage-Tests">Tests.Homepage-Tests</stat>
</suite>
</statistics>
<errors>
</errors>
</robot>
