<?xml version="1.0" encoding="UTF-8"?>
<robot generator="Robot 5.0 (Python 3.10.2 on win32)" generated="20220613 11:57:04.699" rpa="false" schemaversion="3">
<suite id="s1" name="Tests" source="C:\Github\automation-frameworks-integration\samples\robotframework\tests">
<suite id="s1-s1" name="Homepage-Links" source="C:\Github\automation-frameworks-integration\samples\robotframework\tests\homepage-links.robot">
<test id="s1-s1-t1" name="Go To My Account Page" line="9">
<kw name="Open Browser On TestRail Homepage" type="SETUP">
<kw name="Open Browser" library="SeleniumLibrary">
<var>${session}</var>
<arg>url=https://www.gurock.com</arg>
<arg>browser=chrome</arg>
<doc>Opens a new browser instance to the optional ``url``.</doc>
<msg timestamp="20220613 11:57:04.871" level="INFO">Opening browser 'chrome' to base url 'https://www.gurock.com'.</msg>
<msg timestamp="20220613 11:57:09.429" level="INFO">${session} = 1</msg>
<status status="PASS" starttime="20220613 11:57:04.871" endtime="20220613 11:57:09.429"/>
</kw>
<kw name="Maximize Browser Window" library="SeleniumLibrary">
<doc>Maximizes current browser window.</doc>
<status status="PASS" starttime="20220613 11:57:09.429" endtime="20220613 11:57:09.551"/>
</kw>
<status status="PASS" starttime="20220613 11:57:04.871" endtime="20220613 11:57:09.552"/>
</kw>
<kw name="Click Element" library="SeleniumLibrary">
<arg>xpath=//*[text()="My Account"]</arg>
<doc>Click the element identified by ``locator``.</doc>
<msg timestamp="20220613 11:57:09.553" level="INFO">Clicking element 'xpath=//*[text()="My Account"]'.</msg>
<status status="PASS" starttime="20220613 11:57:09.552" endtime="20220613 11:57:10.798"/>
</kw>
<kw name="Page Should Contain" library="SeleniumLibrary">
<arg>Please enter your email address and password below</arg>
<doc>Verifies that current page contains ``text``.</doc>
<msg timestamp="20220613 11:57:10.832" level="INFO">Current page contains text 'Please enter your email address and password below'.</msg>
<status status="PASS" starttime="20220613 11:57:10.798" endtime="20220613 11:57:10.832"/>
</kw>
<kw name="Close Browser" library="SeleniumLibrary" type="TEARDOWN">
<doc>Closes the current browser.</doc>
<status status="PASS" starttime="20220613 11:57:10.832" endtime="20220613 11:57:12.968"/>
</kw>
<doc>Goes to my account page</doc>
<status status="PASS" starttime="20220613 11:57:04.868" endtime="20220613 11:57:12.969"/>
</test>
<test id="s1-s1-t2" name="Go To Demo Request Page" line="14">
<kw name="Open Browser On TestRail Homepage" type="SETUP">
<kw name="Open Browser" library="SeleniumLibrary">
<var>${session}</var>
<arg>url=https://www.gurock.com</arg>
<arg>browser=chrome</arg>
<doc>Opens a new browser instance to the optional ``url``.</doc>
<msg timestamp="20220613 11:57:12.975" level="INFO">Opening browser 'chrome' to base url 'https://www.gurock.com'.</msg>
<msg timestamp="20220613 11:57:16.689" level="INFO">${session} = 2</msg>
<status status="PASS" starttime="20220613 11:57:12.975" endtime="20220613 11:57:16.689"/>
</kw>
<kw name="Maximize Browser Window" library="SeleniumLibrary">
<doc>Maximizes current browser window.</doc>
<status status="PASS" starttime="20220613 11:57:16.689" endtime="20220613 11:57:16.808"/>
</kw>
<status status="PASS" starttime="20220613 11:57:12.974" endtime="20220613 11:57:16.808"/>
</kw>
<kw name="Click Element" library="SeleniumLibrary">
<arg>xpath=//*[text()="Get a Demo"]</arg>
<doc>Click the element identified by ``locator``.</doc>
<msg timestamp="20220613 11:57:16.809" level="INFO">Clicking element 'xpath=//*[text()="Get a Demo"]'.</msg>
<status status="PASS" starttime="20220613 11:57:16.809" endtime="20220613 11:57:19.091"/>
</kw>
<kw name="Page Should Contain" library="SeleniumLibrary">
<arg>TestRail Product Demo</arg>
<doc>Verifies that current page contains ``text``.</doc>
<msg timestamp="20220613 11:57:19.111" level="INFO">Current page contains text 'TestRail Product Demo'.</msg>
<status status="PASS" starttime="20220613 11:57:19.092" endtime="20220613 11:57:19.111"/>
</kw>
<kw name="Close Browser" library="SeleniumLibrary" type="TEARDOWN">
<doc>Closes the current browser.</doc>
<status status="PASS" starttime="20220613 11:57:19.112" endtime="20220613 11:57:21.383"/>
</kw>
<doc>Goes to request a demo page</doc>
<status status="PASS" starttime="20220613 11:57:12.973" endtime="20220613 11:57:21.384"/>
</test>
<test id="s1-s1-t3" name="Go To Trial Request Page" line="19">
<kw name="Open Browser On TestRail Homepage" type="SETUP">
<kw name="Open Browser" library="SeleniumLibrary">
<var>${session}</var>
<arg>url=https://www.gurock.com</arg>
<arg>browser=chrome</arg>
<doc>Opens a new browser instance to the optional ``url``.</doc>
<msg timestamp="20220613 11:57:21.391" level="INFO">Opening browser 'chrome' to base url 'https://www.gurock.com'.</msg>
<msg timestamp="20220613 11:57:23.473" level="INFO">${session} = 3</msg>
<status status="PASS" starttime="20220613 11:57:21.390" endtime="20220613 11:57:23.473"/>
</kw>
<kw name="Maximize Browser Window" library="SeleniumLibrary">
<doc>Maximizes current browser window.</doc>
<status status="PASS" starttime="20220613 11:57:23.473" endtime="20220613 11:57:23.636"/>
</kw>
<status status="PASS" starttime="20220613 11:57:21.390" endtime="20220613 11:57:23.636"/>
</kw>
<kw name="Click Element" library="SeleniumLibrary">
<arg>xpath=//*[text()="Try for Free"]</arg>
<doc>Click the element identified by ``locator``.</doc>
<msg timestamp="20220613 11:57:23.638" level="INFO">Clicking element 'xpath=//*[text()="Try for Free"]'.</msg>
<status status="PASS" starttime="20220613 11:57:23.637" endtime="20220613 11:57:25.512"/>
</kw>
<kw name="Page Should Contain" library="SeleniumLibrary">
<arg>Hey, this is the wrong text!</arg>
<doc>Verifies that current page contains ``text``.</doc>
<msg timestamp="20220613 11:57:25.755" level="INFO" html="true">&lt;/td&gt;&lt;/tr&gt;&lt;tr&gt;&lt;td colspan="3"&gt;&lt;a href="selenium-screenshot-1.png"&gt;&lt;img src="selenium-screenshot-1.png" width="800px"&gt;&lt;/a&gt;</msg>
<msg timestamp="20220613 11:57:25.756" level="FAIL">Page should have contained text 'Hey, this is the wrong text!' but did not.</msg>
<status status="FAIL" starttime="20220613 11:57:25.513" endtime="20220613 11:57:25.768"/>
</kw>
<kw name="Close Browser" library="SeleniumLibrary" type="TEARDOWN">
<doc>Closes the current browser.</doc>
<status status="PASS" starttime="20220613 11:57:25.769" endtime="20220613 11:57:27.897"/>
</kw>
<doc>This test will go to the trial page and fail on purpose</doc>
<status status="FAIL" starttime="20220613 11:57:21.389" endtime="20220613 11:57:27.899">Page should have contained text 'Hey, this is the wrong text!' but did not.</status>
</test>
<kw name="Close All Browsers" library="SeleniumLibrary" type="TEARDOWN">
<doc>Closes all open browsers and resets the browser cache.</doc>
<status status="PASS" starttime="20220613 11:57:27.905" endtime="20220613 11:57:27.905"/>
</kw>
<doc>Simple homepage links tests</doc>
<status status="FAIL" starttime="20220613 11:57:04.717" endtime="20220613 11:57:27.905"/>
</suite>
<status status="FAIL" starttime="20220613 11:57:04.700" endtime="20220613 11:57:27.910"/>
</suite>
<statistics>
<total>
<stat pass="2" fail="1" skip="0">All Tests</stat>
</total>
<tag>
</tag>
<suite>
<stat pass="2" fail="1" skip="0" id="s1" name="Tests">Tests</stat>
<stat pass="2" fail="1" skip="0" id="s1-s1" name="Homepage-Links">Tests.Homepage-Links</stat>
</suite>
</statistics>
<errors>
</errors>
</robot>
