<?xml version="1.0" encoding="UTF-8"?>
<testsuite xmlns:xsi="http://www.w3.org/2001/XMLSchema-instance" xsi:noNamespaceSchemaLocation="https://maven.apache.org/surefire/maven-surefire-plugin/xsd/surefire-test-report.xsd" name="TestSuite" time="0.419" tests="4" errors="0" skipped="0" failures="1">
  <properties>
[...]
</properties>
  <testcase name="MultiplyTwoNumbers" classname="com.idera.testrail.tests.MultiplicationTest" time="0.003"/>
  <testcase name="SubtractTwoNumbers" classname="com.idera.testrail.tests.SubtractionTests" time="0"/>
  <testcase name="AddTwoNumbers" classname="com.idera.testrail.tests.SumTests" time="0"/>
  <testcase name="AddTwoNumbersWithDecimals" classname="com.idera.testrail.tests.SumTests" time="0.004">
    <failure message="1.5+1.4 should equal 3 expected [2.9] but found [3.0]" type="java.lang.AssertionError">java.lang.AssertionError: 1.5+1.4 should equal 3 expected [2.9] but found [3.0]
	at com.idera.testrail.tests.SumTests.AddTwoNumbersWithDecimals(SumTests.java:15)
</failure>
  </testcase>
</testsuite>